<?xml version="1.0" encoding="UTF-8"?>
<testsuite name="DnDCharacterTest" tests="19" skipped="18" failures="0" errors="0" timestamp="2019-12-11T23:17:55" hostname="ide" time="0.004">
  <properties/>
  <testcase name="testAbilityModifierForScore3IsNegative4" classname="DnDCharacterTest" time="0.0"/>
  <testcase name="testAbilityModifierForScore4IsNegative3" classname="DnDCharacterTest" time="0.0">
    <skipped/>
  </testcase>
  <testcase name="testRandomAbilityIsWithinRange" classname="DnDCharacterTest" time="0.0">
    <skipped/>
  </testcase>
  <testcase name="testAbilityModifierForScore5IsNegative3" classname="DnDCharacterTest" time="0.0">
    <skipped/>
  </testcase>
  <testcase name="testAbilityModifierForScore10Is0" classname="DnDCharacterTest" time="0.0">
    <skipped/>
  </testcase>
  <testcase name="testAbilityModifierForScore11Is0" classname="DnDCharacterTest" time="0.0">
    <skipped/>
  </testcase>
  <testcase name="testAbilityModifierForScore12Is1" classname="DnDCharacterTest" time="0.0">
    <skipped/>
  </testcase>
  <testcase name="testAbilityModifierForScore13Is1" classname="DnDCharacterTest" time="0.0">
    <skipped/>
  </testcase>
  <testcase name="testAbilityModifierForScore14Is2" classname="DnDCharacterTest" time="0.0">
    <skipped/>
  </testcase>
  <testcase name="testAbilityModifierForScore15Is2" classname="DnDCharacterTest" time="0.0">
    <skipped/>
  </testcase>
  <testcase name="testAbilityModifierForScore16Is3" classname="DnDCharacterTest" time="0.0">
    <skipped/>
  </testcase>
  <testcase name="testAbilityModifierForScore17Is3" classname="DnDCharacterTest" time="0.0">
    <skipped/>
  </testcase>
  <testcase name="testAbilityModifierForScore18Is4" classname="DnDCharacterTest" time="0.001">
    <skipped/>
  </testcase>
  <testcase name="testEachAbilityIsOnlyCalculatedOnce" classname="DnDCharacterTest" time="0.0">
    <skipped/>
  </testcase>
  <testcase name="testAbilityModifierForScore6IsNegative2" classname="DnDCharacterTest" time="0.0">
    <skipped/>
  </testcase>
  <testcase name="testAbilityModifierForScore7IsNegative2" classname="DnDCharacterTest" time="0.0">
    <skipped/>
  </testcase>
  <testcase name="testAbilityModifierForScore8IsNegative1" classname="DnDCharacterTest" time="0.0">
    <skipped/>
  </testcase>
  <testcase name="testAbilityModifierForScore9IsNegative1" classname="DnDCharacterTest" time="0.0">
    <skipped/>
  </testcase>
  <testcase name="testRandomCharacterIsValid" classname="DnDCharacterTest" time="0.0">
    <skipped/>
  </testcase>
  <system-out><![CDATA[]]></system-out>
  <system-err><![CDATA[]]></system-err>
</testsuite>
